c:\users\robert\google drive\559\project_2\grtown2014_wagner\grtown2014_wagner\release\vc120.pdb
c:\users\robert\google drive\559\project_2\grtown2014_wagner\grtown2014_wagner\release\libtarga.obj
c:\users\robert\google drive\559\project_2\grtown2014_wagner\grtown2014_wagner\release\townviewwidget.obj
c:\users\robert\google drive\559\project_2\grtown2014_wagner\grtown2014_wagner\release\roads.obj
c:\users\robert\google drive\559\project_2\grtown2014_wagner\grtown2014_wagner\release\drive.obj
c:\users\robert\google drive\559\project_2\grtown2014_wagner\grtown2014_wagner\release\mmatrix.obj
c:\users\robert\google drive\559\project_2\grtown2014_wagner\grtown2014_wagner\release\main.obj
c:\users\robert\google drive\559\project_2\grtown2014_wagner\grtown2014_wagner\release\grworld.obj
c:\users\robert\google drive\559\project_2\grtown2014_wagner\grtown2014_wagner\release\grobject.obj
c:\users\robert\google drive\559\project_2\grtown2014_wagner\grtown2014_wagner\release\graphicstownui.obj
c:\users\robert\google drive\559\project_2\grtown2014_wagner\grtown2014_wagner\release\flycamera.obj
c:\users\robert\google drive\559\project_2\grtown2014_wagner\grtown2014_wagner\release\suburbs.obj
c:\users\robert\google drive\559\project_2\grtown2014_wagner\grtown2014_wagner\release\simplebehaviors.obj
c:\users\robert\google drive\559\project_2\grtown2014_wagner\grtown2014_wagner\release\objects.obj
c:\users\robert\google drive\559\project_2\grtown2014_wagner\grtown2014_wagner\release\cars.obj
c:\users\robert\google drive\559\project_2\grtown2014_wagner\grtown2014_wagner\release\drawutils.obj
c:\users\robert\google drive\559\project_2\grtown2014_wagner\grtown2014_wagner\release\drawingstate.obj
c:\users\robert\google drive\559\project_2\grtown2014_wagner\grtown2014_wagner\release\behavior.obj
c:\users\robert\google drive\559\project_2\grtown2014_wagner\grtown2014_wagner\release\texture.obj
c:\users\robert\google drive\559\project_2\grtown2014_wagner\grtown2014_wagner\release\shadertools.obj
c:\users\robert\google drive\559\project_2\grtown2014_wagner\grtown2014_wagner\release\objload.obj
c:\users\robert\google drive\559\project_2\grtown2014_wagner\grtown2014_wagner\release\grtown.pdb
c:\users\robert\google drive\559\project_2\grtown2014_wagner\grtown2014_wagner\release\grtown.tlog\cl.command.1.tlog
c:\users\robert\google drive\559\project_2\grtown2014_wagner\grtown2014_wagner\release\grtown.tlog\cl.read.1.tlog
c:\users\robert\google drive\559\project_2\grtown2014_wagner\grtown2014_wagner\release\grtown.tlog\cl.write.1.tlog
c:\users\robert\google drive\559\project_2\grtown2014_wagner\grtown2014_wagner\release\grtown.tlog\link-cvtres.read.1.tlog
c:\users\robert\google drive\559\project_2\grtown2014_wagner\grtown2014_wagner\release\grtown.tlog\link-cvtres.write.1.tlog
c:\users\robert\google drive\559\project_2\grtown2014_wagner\grtown2014_wagner\release\grtown.tlog\link-rc.read.1.tlog
c:\users\robert\google drive\559\project_2\grtown2014_wagner\grtown2014_wagner\release\grtown.tlog\link-rc.write.1.tlog
c:\users\robert\google drive\559\project_2\grtown2014_wagner\grtown2014_wagner\release\grtown.tlog\link.command.1.tlog
c:\users\robert\google drive\559\project_2\grtown2014_wagner\grtown2014_wagner\release\grtown.tlog\link.read.1.tlog
c:\users\robert\google drive\559\project_2\grtown2014_wagner\grtown2014_wagner\release\grtown.tlog\link.write.1.tlog
