c:\users\robert\google drive\559\project_2\grtown2014_wagner\grtown2014_wagner\debug\vc120.pdb
c:\users\robert\google drive\559\project_2\grtown2014_wagner\grtown2014_wagner\debug\vc120.idb
c:\users\robert\google drive\559\project_2\grtown2014_wagner\grtown2014_wagner\debug\libtarga.obj
c:\users\robert\google drive\559\project_2\grtown2014_wagner\grtown2014_wagner\debug\shadertools.obj
c:\users\robert\google drive\559\project_2\grtown2014_wagner\grtown2014_wagner\debug\texture.obj
c:\users\robert\google drive\559\project_2\grtown2014_wagner\grtown2014_wagner\debug\behavior.obj
c:\users\robert\google drive\559\project_2\grtown2014_wagner\grtown2014_wagner\debug\drawingstate.obj
c:\users\robert\google drive\559\project_2\grtown2014_wagner\grtown2014_wagner\debug\drawutils.obj
c:\users\robert\google drive\559\project_2\grtown2014_wagner\grtown2014_wagner\debug\cars.obj
c:\users\robert\google drive\559\project_2\grtown2014_wagner\grtown2014_wagner\debug\objects.obj
c:\users\robert\google drive\559\project_2\grtown2014_wagner\grtown2014_wagner\debug\simplebehaviors.obj
c:\users\robert\google drive\559\project_2\grtown2014_wagner\grtown2014_wagner\debug\suburbs.obj
c:\users\robert\google drive\559\project_2\grtown2014_wagner\grtown2014_wagner\debug\flycamera.obj
c:\users\robert\google drive\559\project_2\grtown2014_wagner\grtown2014_wagner\debug\graphicstownui.obj
c:\users\robert\google drive\559\project_2\grtown2014_wagner\grtown2014_wagner\debug\grobject.obj
c:\users\robert\google drive\559\project_2\grtown2014_wagner\grtown2014_wagner\debug\grworld.obj
c:\users\robert\google drive\559\project_2\grtown2014_wagner\grtown2014_wagner\debug\main.obj
c:\users\robert\google drive\559\project_2\grtown2014_wagner\grtown2014_wagner\debug\mmatrix.obj
c:\users\robert\google drive\559\project_2\grtown2014_wagner\grtown2014_wagner\debug\drive.obj
c:\users\robert\google drive\559\project_2\grtown2014_wagner\grtown2014_wagner\debug\roads.obj
c:\users\robert\google drive\559\project_2\grtown2014_wagner\grtown2014_wagner\debug\townviewwidget.obj
c:\users\robert\google drive\559\project_2\grtown2014_wagner\grtown2014_wagner\debug\grtown.ilk
c:\users\robert\google drive\559\project_2\grtown2014_wagner\grtown2014_wagner\debug\grtown.exe
c:\users\robert\google drive\559\project_2\grtown2014_wagner\grtown2014_wagner\debug\grtown.pdb
c:\users\robert\google drive\559\project_2\grtown2014_wagner\grtown2014_wagner\debug\grtown.tlog\cl.command.1.tlog
c:\users\robert\google drive\559\project_2\grtown2014_wagner\grtown2014_wagner\debug\grtown.tlog\cl.read.1.tlog
c:\users\robert\google drive\559\project_2\grtown2014_wagner\grtown2014_wagner\debug\grtown.tlog\cl.write.1.tlog
c:\users\robert\google drive\559\project_2\grtown2014_wagner\grtown2014_wagner\debug\grtown.tlog\link.command.1.tlog
c:\users\robert\google drive\559\project_2\grtown2014_wagner\grtown2014_wagner\debug\grtown.tlog\link.read.1.tlog
c:\users\robert\google drive\559\project_2\grtown2014_wagner\grtown2014_wagner\debug\grtown.tlog\link.write.1.tlog
